<?xml version="1.0" encoding="UTF-8"?>
<testsuite xmlns:xsi="http://www.w3.org/2001/XMLSchema-instance" xsi:schemaLocation="https://maven.apache.org/surefire/maven-surefire-plugin/xsd/surefire-test-report.xsd" name="TestSuite" time="8.529" tests="2" errors="0" skipped="1" failures="1">
  <properties>
    <property name="PROCESSOR_ARCHITECTURE" value="AMD64"/>
    <property name="file.encoding.pkg" value="sun.io"/>
    <property name="Maven_Home" value="C:\Program Files\Maven\apache-maven-3.6.3"/>
    <property name="LOGONSERVER" value="\\AMNA1ADC04"/>
    <property name="ProgramData" value="C:\ProgramData"/>
    <property name="java.home" value="C:\Program Files\java\jdk1.8.0_251\jre"/>
    <property name="NODE_NAME" value="Prince_Slave"/>
    <property name="JENKINS_URL" value="http://localhost:8080/"/>
    <property name="ALLUSERSPROFILE" value="C:\ProgramData"/>
    <property name="java.endorsed.dirs" value="C:\Program Files\java\jdk1.8.0_251\jre\lib\endorsed"/>
    <property name="PSModulePath" value="C:\Program Files\WindowsPowerShell\Modules;C:\WINDOWS\system32\WindowsPowerShell\v1.0\Modules"/>
    <property name="=::" value="::\"/>
    <property name="USERDOMAIN" value="LL"/>
    <property name="sun.os.patch.level" value=""/>
    <property name="java.vendor.url" value="http://java.oracle.com/"/>
    <property name="CommonProgramFiles(x86)" value="C:\Program Files (x86)\Common Files"/>
    <property name="java.version" value="1.8.0_251"/>
    <property name="JOB_NAME" value="MavenLocalProject"/>
    <property name="COMPUTERNAME" value="WKWIN5295644"/>
    <property name="ANDROID_HOME" value="C:\Users\prikumar9\AppData\Local\Android\Sdk"/>
    <property name="java.vendor.url.bug" value="http://bugreport.sun.com/bugreport/"/>
    <property name="PUBLIC" value="C:\Users\Public"/>
    <property name="user.name" value="prikumar9"/>
    <property name="sun.io.unicode.encoding" value="UnicodeLittle"/>
    <property name="sun.jnu.encoding" value="Cp1252"/>
    <property name="java.runtime.name" value="Java(TM) SE Runtime Environment"/>
    <property name="windir" value="C:\WINDOWS"/>
    <property name="PROCESSOR_IDENTIFIER" value="Intel64 Family 6 Model 142 Stepping 12, GenuineIntel"/>
    <property name="java.specification.name" value="Java Platform API Specification"/>
    <property name="LOCALAPPDATA" value="C:\Users\prikumar9\AppData\Local"/>
    <property name="RUN_CHANGES_DISPLAY_URL" value="http://localhost:8080/job/MavenLocalProject/34/display/redirect?page=changes"/>
    <property name="user.timezone" value="Asia/Calcutta"/>
    <property name="user.script" value=""/>
    <property name="path.separator" value=";"/>
    <property name="NUMBER_OF_PROCESSORS" value="8"/>
    <property name="BUILD_TAG" value="jenkins-MavenLocalProject-34"/>
    <property name="file.encoding" value="Cp1252"/>
    <property name="JDK_Home" value="C:\Program Files\java\jdk1.8.0_251"/>
    <property name="sun.java.command" value="jenkins.maven3.agent.Maven35Main C:\Program Files\Maven\apache-maven-3.6.3 C:\Users\prikumar9\eclipse-workspace\JenkinsSlave\JenkinsSlave_Agent\agent.jar C:\Users\prikumar9\eclipse-workspace\JenkinsSlave\maven35-interceptor.jar C:\Users\prikumar9\eclipse-workspace\JenkinsSlave\maven3-interceptor-commons.jar 50547"/>
    <property name="HUDSON_URL" value="http://localhost:8080/"/>
    <property name="JENKINS_SERVER_COOKIE" value="d3f46f6e5a76245d"/>
    <property name="EXECUTOR_NUMBER" value="0"/>
    <property name="Path" value="C:\Program Files\java\jdk1.8.0_251/bin;C:\WINDOWS\system32;C:\WINDOWS;C:\WINDOWS\System32\Wbem;C:\WINDOWS\System32\WindowsPowerShell\v1.0\;C:\WINDOWS\System32\OpenSSH\;C:\Program Files (x86)\Box\Box Edit\;C:\Program Files\java\jdk1.8.0_251\bin\;C:\Program Files\Maven\apache-maven-3.6.3\bin\;C:\Users\prikumar9\AppData\Local\Android\Sdk\platform-tools;C:\Users\prikumar9\AppData\Local\Android\Sdk\tools\bin;C:\Users\prikumar9\AppData\Local\Android\Sdk\tools;C:\Program Files\nodejs\node_modules\npm;C:\Program Files\nodejs\node_modules\npm\bin;C:\Program Files\nodejs;C:\Program Files\Git\cmd;C:\Program Files\java\jdk1.8.0_251\bin\;C:\Users\prikumar9\eclipse-workspace\gradle-7.1.1\\bin\;C:\Users\prikumar9\AppData\Local\Microsoft\WindowsApps;C:\Users\prikumar9\AppData\Roaming\npm;"/>
    <property name="java.io.tmpdir" value="C:\Users\PRIKUM~1\AppData\Local\Temp\"/>
    <property name="APPDATA" value="C:\Users\prikumar9\AppData\Roaming"/>
    <property name="user.language" value="en"/>
    <property name="line.separator" value="&#10;"/>
    <property name="BUILD_URL" value="http://localhost:8080/job/MavenLocalProject/34/"/>
    <property name="M2_HOME" value="C:\Program Files\Maven\apache-maven-3.6.3"/>
    <property name="=C:" value="C:\Users\prikumar9"/>
    <property name="java.vm.info" value="mixed mode"/>
    <property name="DriverData" value="C:\Windows\System32\Drivers\DriverData"/>
    <property name="sun.desktop" value="windows"/>
    <property name="java.vm.specification.name" value="Java Virtual Machine Specification"/>
    <property name="CI" value="true"/>
    <property name="BUILD_DISPLAY_NAME" value="#34"/>
    <property name="OS" value="Windows_NT"/>
    <property name="guice.disable.misplaced.annotation.check" value="true"/>
    <property name="HUDSON_SERVER_COOKIE" value="d3f46f6e5a76245d"/>
    <property name="WORKSPACE_TMP" value="C:\Users\prikumar9\eclipse-workspace\JenkinsSlave\workspace\MavenLocalProject@tmp"/>
    <property name="SESSIONNAME" value="Console"/>
    <property name="PATHEXT" value=".COM;.EXE;.BAT;.CMD;.VBS;.VBE;.JS;.JSE;.WSF;.WSH;.MSC"/>
    <property name="java.awt.printerjob" value="sun.awt.windows.WPrinterJob"/>
    <property name="maven3.interceptor.common" value="C:\Users\prikumar9\eclipse-workspace\JenkinsSlave\maven3-interceptor-commons.jar"/>
    <property name="CLASSPATH" value=""/>
    <property name="JRE_Home" value="C:\Program Files\java\jdk1.8.0_251\jre"/>
    <property name="HOMEPATH" value="\Users\prikumar9"/>
    <property name="os.name" value="Windows 10"/>
    <property name="java.specification.vendor" value="Oracle Corporation"/>
    <property name="java.vm.name" value="Java HotSpot(TM) 64-Bit Server VM"/>
    <property name="BUILD_NUMBER" value="34"/>
    <property name="maven3.interceptor" value="C:\Users\prikumar9\eclipse-workspace\JenkinsSlave\maven35-interceptor.jar"/>
    <property name="java.library.path" value="C:\Program Files\java\jdk1.8.0_251\bin;C:\WINDOWS\Sun\Java\bin;C:\WINDOWS\system32;C:\WINDOWS;C:\Program Files\Maven\apache-maven-3.6.3/bin;C:\Program Files\java\jdk1.8.0_251/bin;C:\Program Files\java\jdk1.8.0_251/bin;C:\WINDOWS\system32;C:\WINDOWS;C:\WINDOWS\System32\Wbem;C:\WINDOWS\System32\WindowsPowerShell\v1.0\;C:\WINDOWS\System32\OpenSSH\;C:\Program Files (x86)\Box\Box Edit\;C:\Program Files\java\jdk1.8.0_251\bin\;C:\Program Files\Maven\apache-maven-3.6.3\bin\;C:\Users\prikumar9\AppData\Local\Android\Sdk\platform-tools;C:\Users\prikumar9\AppData\Local\Android\Sdk\tools\bin;C:\Users\prikumar9\AppData\Local\Android\Sdk\tools;C:\Program Files\nodejs\node_modules\npm;C:\Program Files\nodejs\node_modules\npm\bin;C:\Program Files\nodejs;C:\Program Files\Git\cmd;C:\Program Files\java\jdk1.8.0_251\bin\;C:\Users\prikumar9\eclipse-workspace\gradle-7.1.1\\bin\;C:\Users\prikumar9\AppData\Local\Microsoft\WindowsApps;C:\Users\prikumar9\AppData\Roaming\npm;;."/>
    <property name="HOMEDRIVE" value="C:"/>
    <property name="GRADLE_HOME" value="C:\Users\prikumar9\eclipse-workspace\gradle-7.1.1\"/>
    <property name="POM_GROUPID" value="Maven"/>
    <property name="POM_ARTIFACTID" value="FrameworkTestNg"/>
    <property name="java.class.version" value="52.0"/>
    <property name="JOB_URL" value="http://localhost:8080/job/MavenLocalProject/"/>
    <property name="browser" value="chrome"/>
    <property name="OneDrive" value="C:\Users\prikumar9\OneDrive"/>
    <property name="RUN_DISPLAY_URL" value="http://localhost:8080/job/MavenLocalProject/34/display/redirect"/>
    <property name="NODE_HOME" value="C:\Program Files\nodejs"/>
    <property name="C:\Users\prikumar9\eclipse\Framework\src\test\resources\application.properties" value=""/>
    <property name="JENKINS_HOME" value="C:\Users\prikumar9\.jenkins"/>
    <property name="BUILD_ID" value="34"/>
    <property name="TEMP" value="C:\Users\PRIKUM~1\AppData\Local\Temp"/>
    <property name="sun.boot.library.path" value="C:\Program Files\java\jdk1.8.0_251\jre\bin"/>
    <property name="sun.management.compiler" value="HotSpot 64-Bit Tiered Compilers"/>
    <property name="java.awt.graphicsenv" value="sun.awt.Win32GraphicsEnvironment"/>
    <property name="user.variant" value=""/>
    <property name="PROCESSOR_REVISION" value="8e0c"/>
    <property name="POM_VERSION" value="0.0.1-SNAPSHOT"/>
    <property name="HUDSON_HOME" value="C:\Users\prikumar9\.jenkins"/>
    <property name="ProgramFiles(x86)" value="C:\Program Files (x86)"/>
    <property name="PATH+MAVEN" value="C:\Program Files\Maven\apache-maven-3.6.3/bin"/>
    <property name="USERDOMAIN_ROAMINGPROFILE" value="LL"/>
    <property name="RUN_ARTIFACTS_DISPLAY_URL" value="http://localhost:8080/job/MavenLocalProject/34/display/redirect?page=artifacts"/>
    <property name="PROMPT" value="$P$G"/>
    <property name="java.vm.specification.version" value="1.8"/>
    <property name="JAVA_HOME" value="C:\Program Files\java\jdk1.8.0_251"/>
    <property name="awt.toolkit" value="sun.awt.windows.WToolkit"/>
    <property name="NODE_LABELS" value="Prince_Slave slave1"/>
    <property name="sun.cpu.isalist" value="amd64"/>
    <property name="USERPROFILE" value="C:\Users\prikumar9"/>
    <property name="JOB_DISPLAY_URL" value="http://localhost:8080/job/MavenLocalProject/display/redirect"/>
    <property name="java.ext.dirs" value="C:\Program Files\java\jdk1.8.0_251\jre\lib\ext;C:\WINDOWS\Sun\Java\lib\ext"/>
    <property name="os.version" value="10.0"/>
    <property name="user.home" value="C:\Users\prikumar9"/>
    <property name="USERNAME" value="prikumar9"/>
    <property name="java.vm.vendor" value="Oracle Corporation"/>
    <property name="PROCESSOR_LEVEL" value="6"/>
    <property name="USERDNSDOMAIN" value="GLOBAL.PUBLICISGROUPE.NET"/>
    <property name="CommonProgramW6432" value="C:\Program Files\Common Files"/>
    <property name="user.dir" value="C:\Users\prikumar9\eclipse-workspace\FrameworkTestNg"/>
    <property name="maven.conf" value="C:\Program Files\Maven\apache-maven-3.6.3\conf"/>
    <property name="ProgramW6432" value="C:\Program Files"/>
    <property name="TMP" value="C:\Users\PRIKUM~1\AppData\Local\Temp"/>
    <property name="UATDATA" value="C:\WINDOWS\CCM\UATData\D9F8C395-CAB8-491d-B8AC-179A1FE1BE77"/>
    <property name="sun.cpu.endian" value="little"/>
    <property name="SystemDrive" value="C:"/>
    <property name="java.vm.version" value="25.251-b08"/>
    <property name="java.class.path" value="C:\Users\prikumar9\eclipse-workspace\JenkinsSlave\maven35-agent.jar;C:\Program Files\Maven\apache-maven-3.6.3\boot\plexus-classworlds-2.6.0.jar;C:\Program Files\Maven\apache-maven-3.6.3/conf/logging"/>
    <property name="org.slf4j.simpleLogger.defaultLogLevel" value="info"/>
    <property name="os.arch" value="amd64"/>
    <property name="WORKSPACE" value="C:\Users\prikumar9\eclipse-workspace\JenkinsSlave\workspace\MavenLocalProject"/>
    <property name="ComSpec" value="C:\WINDOWS\system32\cmd.exe"/>
    <property name="RUN_TESTS_DISPLAY_URL" value="http://localhost:8080/job/MavenLocalProject/34/display/redirect?page=tests"/>
    <property name="sun.java.launcher" value="SUN_STANDARD"/>
    <property name="FPS_BROWSER_APP_PROFILE_STRING" value="Internet Explorer"/>
    <property name="SystemRoot" value="C:\WINDOWS"/>
    <property name="CommonProgramFiles" value="C:\Program Files\Common Files"/>
    <property name="java.vm.specification.vendor" value="Oracle Corporation"/>
    <property name="FPS_BROWSER_USER_PROFILE_STRING" value="Default"/>
    <property name="file.separator" value="\"/>
    <property name="java.runtime.version" value="1.8.0_251-b08"/>
    <property name="ProgramFiles" value="C:\Program Files"/>
    <property name="sun.boot.class.path" value="C:\Program Files\java\jdk1.8.0_251\jre\lib\resources.jar;C:\Program Files\java\jdk1.8.0_251\jre\lib\rt.jar;C:\Program Files\java\jdk1.8.0_251\jre\lib\sunrsasign.jar;C:\Program Files\java\jdk1.8.0_251\jre\lib\jsse.jar;C:\Program Files\java\jdk1.8.0_251\jre\lib\jce.jar;C:\Program Files\java\jdk1.8.0_251\jre\lib\charsets.jar;C:\Program Files\java\jdk1.8.0_251\jre\lib\jfr.jar;C:\Program Files\java\jdk1.8.0_251\jre\classes"/>
    <property name="PATH+JDK" value="C:\Program Files\java\jdk1.8.0_251/bin"/>
    <property name="=ExitCode" value="00000001"/>
    <property name="user.country" value="US"/>
    <property name="POM_PACKAGING" value="jar"/>
    <property name="maven.home" value="C:\Program Files\Maven\apache-maven-3.6.3"/>
    <property name="JOB_BASE_NAME" value="MavenLocalProject"/>
    <property name="java.vendor" value="Oracle Corporation"/>
    <property name="POM_DISPLAYNAME" value="FrameworkTestNg"/>
    <property name="java.specification.version" value="1.8"/>
    <property name="sun.arch.data.model" value="64"/>
  </properties>
  <testcase name="pageRelatedFunction" classname="basePackage.HomePageTest" time="0">
    <skipped message="org/apache/commons/beanutils/DynaBean"/>
    <system-out><![CDATA[before suite
before test
test
]]></system-out>
    <system-err><![CDATA[Starting ChromeDriver 91.0.4472.101 (af52a90bf87030dd1523486a1cd3ae25c5d76c9b-refs/branch-heads/4472@{#1462}) on port 33091
Only local connections are allowed.
Please see https://chromedriver.chromium.org/security-considerations for suggestions on keeping ChromeDriver safe.
ChromeDriver was started successfully.
[1629307556.660][WARNING]: This version of ChromeDriver has not been tested with Chrome version 92.
Aug 18, 2021 10:55:56 PM org.openqa.selenium.remote.ProtocolHandshake createSession
INFO: Detected dialect: W3C
]]></system-err>
  </testcase>
  <testcase name="pageRelatedFunction" classname="basePackage.HomePageTest" time="0.701">
    <failure message="Could not initialize class com.sun.proxy.$Proxy6" type="java.lang.NoClassDefFoundError">java.lang.NoClassDefFoundError: Could not initialize class com.sun.proxy.$Proxy6
	at basePackage.HomePageTest.pageRelatedFunction(HomePageTest.java:37)
</failure>
    <system-out><![CDATA[test
]]></system-out>
  </testcase>
</testsuite>