<?xml version="1.0" encoding="UTF-8"?>
<!-- Generated by org.testng.reporters.JUnitReportReporter -->
<testsuite skipped="0" hostname="WKWIN5295644" name="basePackage.HomePageTest" tests="1" failures="0" timestamp="2021-08-17T00:12:28 IST" time="1.215" errors="0">
  <testcase name="pageRelatedFunction" time="1.215" classname="basePackage.HomePageTest"/>
  <system-out/>
</testsuite> <!-- basePackage.HomePageTest -->
