<?xml version="1.0" encoding="UTF-8"?>
<!-- Generated by org.testng.reporters.JUnitReportReporter -->
<testsuite skipped="1" hostname="WKWIN5295644" name="basePackage.HomePageTest" tests="2" failures="0" timestamp="2021-08-18T22:56:00 IST" time="1.221" errors="1">
  <testcase name="pageRelatedFunction" time="0.733" classname="basePackage.HomePageTest">
    <skipped/>
  </testcase> <!-- pageRelatedFunction -->
  <system-out/>
  <testcase name="pageRelatedFunction" time="0.488" classname="basePackage.HomePageTest">
    <error type="java.lang.NoClassDefFoundError" message="Could not initialize class com.sun.proxy.$Proxy6">
      <![CDATA[java.lang.NoClassDefFoundError: Could not initialize class com.sun.proxy.$Proxy6
at sun.reflect.NativeConstructorAccessorImpl.newInstance0(Native Method)
at sun.reflect.NativeConstructorAccessorImpl.newInstance(NativeConstructorAccessorImpl.java:62)
at sun.reflect.DelegatingConstructorAccessorImpl.newInstance(DelegatingConstructorAccessorImpl.java:45)
at java.lang.reflect.Constructor.newInstance(Constructor.java:423)
at java.lang.reflect.Proxy.newProxyInstance(Proxy.java:739)
at org.apache.commons.configuration2.builder.fluent.Parameters.createParametersProxy(Parameters.java:306)
at org.apache.commons.configuration2.builder.fluent.Parameters.fileBased(Parameters.java:185)
at org.apache.commons.configuration2.builder.fluent.Configurations.fileParams(Configurations.java:640)
at org.apache.commons.configuration2.builder.fluent.Configurations.fileParams(Configurations.java:676)
at org.apache.commons.configuration2.builder.fluent.Configurations.fileBasedBuilder(Configurations.java:163)
at org.apache.commons.configuration2.builder.fluent.Configurations.propertiesBuilder(Configurations.java:288)
at org.apache.commons.configuration2.builder.fluent.Configurations.properties(Configurations.java:342)
at basePackage.HomePageTest.pageRelatedFunction(HomePageTest.java:37)
at sun.reflect.NativeMethodAccessorImpl.invoke0(Native Method)
at sun.reflect.NativeMethodAccessorImpl.invoke(NativeMethodAccessorImpl.java:62)
at sun.reflect.DelegatingMethodAccessorImpl.invoke(DelegatingMethodAccessorImpl.java:43)
at java.lang.reflect.Method.invoke(Method.java:498)
at org.testng.internal.MethodInvocationHelper.invokeMethod(MethodInvocationHelper.java:134)
at org.testng.internal.TestInvoker.invokeMethod(TestInvoker.java:597)
at org.testng.internal.TestInvoker.retryFailed(TestInvoker.java:213)
at org.testng.internal.MethodRunner.runInSequence(MethodRunner.java:58)
at org.testng.internal.TestInvoker$MethodInvocationAgent.invoke(TestInvoker.java:816)
at org.testng.internal.TestInvoker.invokeTestMethods(TestInvoker.java:146)
at org.testng.internal.TestMethodWorker.invokeTestMethods(TestMethodWorker.java:146)
at org.testng.internal.TestMethodWorker.run(TestMethodWorker.java:128)
at java.util.ArrayList.forEach(ArrayList.java:1257)
at org.testng.TestRunner.privateRun(TestRunner.java:766)
at org.testng.TestRunner.run(TestRunner.java:587)
at org.testng.SuiteRunner.runTest(SuiteRunner.java:384)
at org.testng.SuiteRunner.runSequentially(SuiteRunner.java:378)
at org.testng.SuiteRunner.privateRun(SuiteRunner.java:337)
at org.testng.SuiteRunner.run(SuiteRunner.java:286)
at org.testng.SuiteRunnerWorker.runSuite(SuiteRunnerWorker.java:53)
at org.testng.SuiteRunnerWorker.run(SuiteRunnerWorker.java:96)
at org.testng.TestNG.runSuitesSequentially(TestNG.java:1187)
at org.testng.TestNG.runSuitesLocally(TestNG.java:1109)
at org.testng.TestNG.runSuites(TestNG.java:1039)
at org.testng.TestNG.run(TestNG.java:1007)
at org.apache.maven.surefire.testng.TestNGExecutor.run(TestNGExecutor.java:281)
at org.apache.maven.surefire.testng.TestNGXmlTestSuite.execute(TestNGXmlTestSuite.java:75)
at org.apache.maven.surefire.testng.TestNGProvider.invoke(TestNGProvider.java:121)
at org.apache.maven.surefire.booter.ForkedBooter.invokeProviderInSameClassLoader(ForkedBooter.java:290)
at org.apache.maven.surefire.booter.ForkedBooter.runSuitesInProcess(ForkedBooter.java:242)
at org.apache.maven.surefire.booter.ForkedBooter.main(ForkedBooter.java:121)
]]>
    </error>
  </testcase> <!-- pageRelatedFunction -->
  <system-out/>
</testsuite> <!-- basePackage.HomePageTest -->
